# JRE version: Java(TM) SE Runtime Environment 18.9 (11.0.9+7) (build 11.0.9+7-LTS)
# Java VM: Java HotSpot(TM) 64-Bit Server VM 18.9 (11.0.9+7-LTS, mixed mode, tiered, compressed oops, g1 gc, windows-amd64)
Heap:
 garbage-first heap   total 114688K, used 30410K [0x00000000c0200000, 0x0000000100000000)
  region size 1024K, 14 young (14336K), 8 survivors (8192K)
 Metaspace       used 65781K, capacity 67546K, committed 67736K, reserved 1107968K
  class space    used 8509K, capacity 9201K, committed 9216K, reserved 1048576K
GC Heap History (10 events):
Event: 13.437 GC heap before
{Heap before GC invocations=15 (full 0):
 garbage-first heap   total 95232K, used 60847K [0x00000000c0200000, 0x0000000100000000)
  region size 1024K, 47 young (48128K), 3 survivors (3072K)
 Metaspace       used 41863K, capacity 43089K, committed 43264K, reserved 1087488K
  class space    used 5054K, capacity 5535K, committed 5632K, reserved 1048576K
}
Event: 13.452 GC heap after
{Heap after GC invocations=16 (full 0):
 garbage-first heap   total 95232K, used 17778K [0x00000000c0200000, 0x0000000100000000)
  region size 1024K, 4 young (4096K), 4 survivors (4096K)
 Metaspace       used 41863K, capacity 43089K, committed 43264K, reserved 1087488K
  class space    used 5054K, capacity 5535K, committed 5632K, reserved 1048576K
}
Event: 15.172 GC heap before
{Heap before GC invocations=16 (full 0):
 garbage-first heap   total 95232K, used 61810K [0x00000000c0200000, 0x0000000100000000)
  region size 1024K, 48 young (49152K), 4 survivors (4096K)
 Metaspace       used 49746K, capacity 51056K, committed 51328K, reserved 1093632K
  class space    used 6214K, capacity 6718K, committed 6784K, reserved 1048576K
}
Event: 15.189 GC heap after
{Heap after GC invocations=17 (full 0):
 garbage-first heap   total 95232K, used 19881K [0x00000000c0200000, 0x0000000100000000)
  region size 1024K, 6 young (6144K), 6 survivors (6144K)
 Metaspace       used 49746K, capacity 51056K, committed 51328K, reserved 1093632K
  class space    used 6214K, capacity 6718K, committed 6784K, reserved 1048576K
}
Event: 16.855 GC heap before
{Heap before GC invocations=17 (full 0):
 garbage-first heap   total 95232K, used 64937K [0x00000000c0200000, 0x0000000100000000)
  region size 1024K, 50 young (51200K), 6 survivors (6144K)
 Metaspace       used 58347K, capacity 59754K, committed 60032K, reserved 1101824K
  class space    used 7484K, capacity 8039K, committed 8064K, reserved 1048576K
}
Event: 16.876 GC heap after
{Heap after GC invocations=18 (full 0):
 garbage-first heap   total 114688K, used 21706K [0x00000000c0200000, 0x0000000100000000)
  region size 1024K, 6 young (6144K), 6 survivors (6144K)
 Metaspace       used 58347K, capacity 59754K, committed 60032K, reserved 1101824K
  class space    used 7484K, capacity 8039K, committed 8064K, reserved 1048576K
}
Event: 16.998 GC heap before
{Heap before GC invocations=18 (full 0):
 garbage-first heap   total 114688K, used 23754K [0x00000000c0200000, 0x0000000100000000)
  region size 1024K, 9 young (9216K), 6 survivors (6144K)
 Metaspace       used 58676K, capacity 60019K, committed 60160K, reserved 1101824K
  class space    used 7536K, capacity 8105K, committed 8192K, reserved 1048576K
}
Event: 17.013 GC heap after
{Heap after GC invocations=19 (full 0):
 garbage-first heap   total 114688K, used 21918K [0x00000000c0200000, 0x0000000100000000)
  region size 1024K, 5 young (5120K), 5 survivors (5120K)
 Metaspace       used 58676K, capacity 60019K, committed 60160K, reserved 1101824K
  class space    used 7536K, capacity 8105K, committed 8192K, reserved 1048576K
}
Event: 20.319 GC heap before
{Heap before GC invocations=20 (full 0):
 garbage-first heap   total 114688K, used 78238K [0x00000000c0200000, 0x0000000100000000)
  region size 1024K, 60 young (61440K), 5 survivors (5120K)
 Metaspace       used 65527K, capacity 67249K, committed 67480K, reserved 1107968K
  class space    used 8479K, capacity 9190K, committed 9216K, reserved 1048576K
}
Event: 20.344 GC heap after
{Heap after GC invocations=21 (full 0):
 garbage-first heap   total 114688K, used 25290K [0x00000000c0200000, 0x0000000100000000)
  region size 1024K, 8 young (8192K), 8 survivors (8192K)
 Metaspace       used 65527K, capacity 67249K, committed 67480K, reserved 1107968K
  class space    used 8479K, capacity 9190K, committed 9216K, reserved 1048576K
}

